<?xml version="1.0" encoding="UTF-8"?>
<!-- Generated by org.testng.reporters.JUnitXMLReporter -->
<testsuite ignored="2" hostname="DESKTOP-JBCDF95" failures="0" tests="1" name="Default test" time="17.71" errors="0" timestamp="2020-02-03T22:59:16 CET">
  <testcase classname="Test.SeleniumPractice" name="Windows" time="17.681"/>
  <testcase classname="Test.SeleniumPractice" name="TestCase1" time="0.0">
    <ignored/>
  </testcase> <!-- TestCase1 -->
  <testcase classname="Test.SeleniumPractice" name="Suggestion" time="0.0">
    <ignored/>
  </testcase> <!-- Suggestion -->
</testsuite> <!-- Default test -->
