<?xml version="1.0" encoding="UTF-8"?>
<testng-results ignored="2" total="3" passed="1" failed="0" skipped="0">
  <reporter-output>
  </reporter-output>
  <suite started-at="2020-02-03T22:58:58 CET" name="Default suite" finished-at="2020-02-03T22:59:16 CET" duration-ms="17710">
    <groups>
    </groups>
    <test started-at="2020-02-03T22:58:58 CET" name="Default test" finished-at="2020-02-03T22:59:16 CET" duration-ms="17710">
      <class name="Test.SeleniumPractice">
        <test-method signature="Windows()[pri:0, instance:Test.SeleniumPractice@a4102b8]" started-at="2020-02-03T22:58:58 CET" name="Windows" finished-at="2020-02-03T22:59:16 CET" duration-ms="17681" status="PASS">
          <reporter-output>
          </reporter-output>
        </test-method> <!-- Windows -->
      </class> <!-- Test.SeleniumPractice -->
    </test> <!-- Default test -->
  </suite> <!-- Default suite -->
</testng-results>
